<?xml version="1.0" encoding="UTF-8"?>
<!-- Generated by org.testng.reporters.JUnitReportReporter -->
<testsuite skipped="0" hostname="TYFF-4F-88" name="com.app.testCases.SingUpAccountScript" tests="1" failures="0" timestamp="09 Jan 2020 08:49:51 GMT" time="29.943" errors="1">
  <testcase name="homeTest" time="29.943" classname="com.app.testCases.SingUpAccountScript">
    <error type="org.openqa.selenium.NoSuchElementException" message="An element could not be located on the page using the given search parameters. (WARNING: The server did not provide any stacktrace information)
Command duration or timeout: 15.47 seconds
For documentation on this error, please visit: http://seleniumhq.org/exceptions/no_such_element.html
Build info: version: &#039;2.53.1&#039;, revision: &#039;a36b8b1cd5757287168e54b817830adce9b0158d&#039;, time: &#039;2016-06-30 19:26:09&#039;
System info: host: &#039;TYFF-4F-88&#039;, ip: &#039;192.168.1.112&#039;, os.name: &#039;Windows 10&#039;, os.arch: &#039;amd64&#039;, os.version: &#039;10.0&#039;, java.version: &#039;1.8.0_181&#039;
Driver info: io.appium.java_client.android.AndroidDriver
Capabilities [{appPackage=com.applications.homecentre, statBarHeight=63, noReset=false, viewportRect={top=63, left=0, width=1080, height=1731}, deviceName=emulator-5554, fullReset=false, platform=LINUX, deviceUDID=emulator-5554, desired={appPackage=com.applications.homecentre, appActivity=com.landmarkgroup.landmarkshops.module.splash.activity.SplashActivityV2, noReset=false, newCommandTimeout=180000, platformVersion=7.0, automationName=uiautomator2, platformName=Android, deviceName=Shiv, fullReset=false, appWaitDuration=180000}, newCommandTimeout=180000, platformVersion=7.0, webStorageEnabled=false, automationName=uiautomator2, takesScreenshot=true, javascriptEnabled=true, platformName=Android, deviceApiLevel=24, deviceManufacturer=Google, deviceScreenSize=1080x1920, networkConnectionEnabled=true, warnings={}, databaseEnabled=false, appWaitDuration=180000, appActivity=com.landmarkgroup.landmarkshops.module.splash.activity.SplashActivityV2, pixelRatio=2.625, locationContextEnabled=false, deviceScreenDensity=420, deviceModel=Android SDK built for x86}]
Session ID: 90fd5d06-4876-4af2-b48e-e01d50b3843e
*** Element info: {Using=id, value=com.applications.homecentre:id/my_account_user_name}">
      <![CDATA[org.openqa.selenium.NoSuchElementException: An element could not be located on the page using the given search parameters. (WARNING: The server did not provide any stacktrace information)
Command duration or timeout: 15.47 seconds
For documentation on this error, please visit: http://seleniumhq.org/exceptions/no_such_element.html
Build info: version: '2.53.1', revision: 'a36b8b1cd5757287168e54b817830adce9b0158d', time: '2016-06-30 19:26:09'
System info: host: 'TYFF-4F-88', ip: '192.168.1.112', os.name: 'Windows 10', os.arch: 'amd64', os.version: '10.0', java.version: '1.8.0_181'
Driver info: io.appium.java_client.android.AndroidDriver
Capabilities [{appPackage=com.applications.homecentre, statBarHeight=63, noReset=false, viewportRect={top=63, left=0, width=1080, height=1731}, deviceName=emulator-5554, fullReset=false, platform=LINUX, deviceUDID=emulator-5554, desired={appPackage=com.applications.homecentre, appActivity=com.landmarkgroup.landmarkshops.module.splash.activity.SplashActivityV2, noReset=false, newCommandTimeout=180000, platformVersion=7.0, automationName=uiautomator2, platformName=Android, deviceName=Shiv, fullReset=false, appWaitDuration=180000}, newCommandTimeout=180000, platformVersion=7.0, webStorageEnabled=false, automationName=uiautomator2, takesScreenshot=true, javascriptEnabled=true, platformName=Android, deviceApiLevel=24, deviceManufacturer=Google, deviceScreenSize=1080x1920, networkConnectionEnabled=true, warnings={}, databaseEnabled=false, appWaitDuration=180000, appActivity=com.landmarkgroup.landmarkshops.module.splash.activity.SplashActivityV2, pixelRatio=2.625, locationContextEnabled=false, deviceScreenDensity=420, deviceModel=Android SDK built for x86}]
Session ID: 90fd5d06-4876-4af2-b48e-e01d50b3843e
*** Element info: {Using=id, value=com.applications.homecentre:id/my_account_user_name}
at sun.reflect.NativeConstructorAccessorImpl.newInstance0(Native Method)
at sun.reflect.NativeConstructorAccessorImpl.newInstance(Unknown Source)
at sun.reflect.DelegatingConstructorAccessorImpl.newInstance(Unknown Source)
at java.lang.reflect.Constructor.newInstance(Unknown Source)
at org.openqa.selenium.remote.ErrorHandler.createThrowable(ErrorHandler.java:206)
at org.openqa.selenium.remote.ErrorHandler.throwIfResponseFailed(ErrorHandler.java:158)
at org.openqa.selenium.remote.RemoteWebDriver.execute(RemoteWebDriver.java:678)
at io.appium.java_client.DefaultGenericMobileDriver.execute(DefaultGenericMobileDriver.java:40)
at io.appium.java_client.AppiumDriver.execute(AppiumDriver.java:1)
at io.appium.java_client.android.AndroidDriver.execute(AndroidDriver.java:1)
at org.openqa.selenium.remote.RemoteWebDriver.findElement(RemoteWebDriver.java:363)
at io.appium.java_client.DefaultGenericMobileDriver.findElement(DefaultGenericMobileDriver.java:56)
at io.appium.java_client.AppiumDriver.findElement(AppiumDriver.java:1)
at io.appium.java_client.android.AndroidDriver.findElement(AndroidDriver.java:1)
at org.openqa.selenium.remote.RemoteWebDriver.findElementById(RemoteWebDriver.java:413)
at io.appium.java_client.DefaultGenericMobileDriver.findElementById(DefaultGenericMobileDriver.java:64)
at io.appium.java_client.AppiumDriver.findElementById(AppiumDriver.java:1)
at io.appium.java_client.android.AndroidDriver.findElementById(AndroidDriver.java:1)
at org.openqa.selenium.By$ById.findElement(By.java:218)
at org.openqa.selenium.remote.RemoteWebDriver.findElement(RemoteWebDriver.java:355)
at io.appium.java_client.DefaultGenericMobileDriver.findElement(DefaultGenericMobileDriver.java:52)
at io.appium.java_client.AppiumDriver.findElement(AppiumDriver.java:1)
at io.appium.java_client.android.AndroidDriver.findElement(AndroidDriver.java:1)
at org.openqa.selenium.support.pagefactory.DefaultElementLocator.findElement(DefaultElementLocator.java:69)
at org.openqa.selenium.support.pagefactory.internal.LocatingElementHandler.invoke(LocatingElementHandler.java:38)
at com.sun.proxy.$Proxy7.getText(Unknown Source)
at com.app.pages.SignUpPage.signUpAccount(SignUpPage.java:44)
at com.app.testCases.SingUpAccountScript.homeTest(SingUpAccountScript.java:27)
at sun.reflect.NativeMethodAccessorImpl.invoke0(Native Method)
at sun.reflect.NativeMethodAccessorImpl.invoke(Unknown Source)
at sun.reflect.DelegatingMethodAccessorImpl.invoke(Unknown Source)
at java.lang.reflect.Method.invoke(Unknown Source)
at org.testng.internal.MethodInvocationHelper.invokeMethod(MethodInvocationHelper.java:124)
at org.testng.internal.Invoker.invokeMethod(Invoker.java:583)
at org.testng.internal.Invoker.invokeTestMethod(Invoker.java:719)
at org.testng.internal.Invoker.invokeTestMethods(Invoker.java:989)
at org.testng.internal.TestMethodWorker.invokeTestMethods(TestMethodWorker.java:125)
at org.testng.internal.TestMethodWorker.run(TestMethodWorker.java:109)
at org.testng.TestRunner.privateRun(TestRunner.java:648)
at org.testng.TestRunner.run(TestRunner.java:505)
at org.testng.SuiteRunner.runTest(SuiteRunner.java:455)
at org.testng.SuiteRunner.runSequentially(SuiteRunner.java:450)
at org.testng.SuiteRunner.privateRun(SuiteRunner.java:415)
at org.testng.SuiteRunner.run(SuiteRunner.java:364)
at org.testng.SuiteRunnerWorker.runSuite(SuiteRunnerWorker.java:52)
at org.testng.SuiteRunnerWorker.run(SuiteRunnerWorker.java:84)
at org.testng.TestNG.runSuitesSequentially(TestNG.java:1208)
at org.testng.TestNG.runSuitesLocally(TestNG.java:1137)
at org.testng.TestNG.runSuites(TestNG.java:1049)
at org.testng.TestNG.run(TestNG.java:1017)
at org.testng.remote.AbstractRemoteTestNG.run(AbstractRemoteTestNG.java:115)
at org.testng.remote.RemoteTestNG.initAndRun(RemoteTestNG.java:251)
at org.testng.remote.RemoteTestNG.main(RemoteTestNG.java:77)
]]>
    </error>
  </testcase> <!-- homeTest -->
</testsuite> <!-- com.app.testCases.SingUpAccountScript -->
